<?xml version="1.0" encoding="UTF-8" ?>
<testsuite errors="0" failures="0" hostname="MarksMB.local" name="it.rambow.fhb.junit.ParserToolsTest" tests="9" time="0.151" timestamp="2009-11-30T17:31:45">
  <properties>
    <property name="java.vendor" value="Apple Inc." />
    <property name="lib.dir" value="lib" />
    <property name="osgi.bundles.defaultStartLevel" value="4" />
    <property name="org.eclipse.debug.ui.breakpoints.toggleFactoriesUsed" value="true" />
    <property name="sun.java.launcher" value="SUN_STANDARD" />
    <property name="eclipse.pdebuild.templates" value="/Applications/eclipse/plugins/org.eclipse.pde.build_3.5.1.R35x_20090820/templates/" />
    <property name="org.osgi.supports.framework.extension" value="true" />
    <property name="sun.management.compiler" value="HotSpot Client Compiler" />
    <property name="eclipse.p2.profile" value="/Applications/eclipse" />
    <property name="os.name" value="Mac OS X" />
    <property name="sun.boot.class.path" value="/System/Library/Frameworks/JavaVM.framework/Versions/1.5.0/Classes/jsfd.jar:/System/Library/Frameworks/JavaVM.framework/Versions/1.5.0/Classes/classes.jar:/System/Library/Frameworks/JavaVM.framework/Versions/1.5.0/Classes/ui.jar:/System/Library/Frameworks/JavaVM.framework/Versions/1.5.0/Classes/laf.jar:/System/Library/Frameworks/JavaVM.framework/Versions/1.5.0/Classes/sunrsasign.jar:/System/Library/Frameworks/JavaVM.framework/Versions/1.5.0/Classes/jsse.jar:/System/Library/Frameworks/JavaVM.framework/Versions/1.5.0/Classes/jce.jar:/System/Library/Frameworks/JavaVM.framework/Versions/1.5.0/Classes/charsets.jar" />
    <property name="reports.html.dir" value="reports/html" />
    <property name="findbugs.home" value="/Applications/eclipse/plugins/edu.umd.cs.findbugs.plugin.eclipse_1.3.8.20090315/" />
    <property name="eclipse.running" value="true" />
    <property name="osgi.ws" value="carbon" />
    <property name="java.vm.specification.vendor" value="Sun Microsystems Inc." />
    <property name="net.sourceforge.cobertura.datafile" value="/Users/mark/Projects/FH-SoftwareQuality/workspace/JUnit_in_Action/cobertura.ser" />
    <property name="ant.home" value="/Applications/eclipse/plugins/org.apache.ant_1.7.1.v20090120-1145" />
    <property name="ant.file.JUnit_in_Action_mark" value="/Users/mark/Projects/FH-SoftwareQuality/workspace/JUnit_in_Action/build.xml" />
    <property name="java.runtime.version" value="1.5.0_20-b02-315" />
    <property name="osgi.instance.area" value="file:/Users/mark/Projects/FH-SoftwareQuality/workspace/" />
    <property name="user.name" value="mark" />
    <property name="osgi.framework.extensions" value="" />
    <property name="org.osgi.framework.system.packages" value="javax.accessibility,javax.activity,javax.crypto,javax.crypto.interfaces,javax.crypto.spec,javax.imageio,javax.imageio.event,javax.imageio.metadata,javax.imageio.plugins.bmp,javax.imageio.plugins.jpeg,javax.imageio.spi,javax.imageio.stream,javax.management,javax.management.loading,javax.management.modelmbean,javax.management.monitor,javax.management.openmbean,javax.management.relation,javax.management.remote,javax.management.remote.rmi,javax.management.timer,javax.naming,javax.naming.directory,javax.naming.event,javax.naming.ldap,javax.naming.spi,javax.net,javax.net.ssl,javax.print,javax.print.attribute,javax.print.attribute.standard,javax.print.event,javax.rmi,javax.rmi.CORBA,javax.rmi.ssl,javax.security.auth,javax.security.auth.callback,javax.security.auth.kerberos,javax.security.auth.login,javax.security.auth.spi,javax.security.auth.x500,javax.security.cert,javax.security.sasl,javax.sound.midi,javax.sound.midi.spi,javax.sound.sampled,javax.sound.sampled.spi,javax.sql,javax.sql.rowset,javax.sql.rowset.serial,javax.sql.rowset.spi,javax.swing,javax.swing.border,javax.swing.colorchooser,javax.swing.event,javax.swing.filechooser,javax.swing.plaf,javax.swing.plaf.basic,javax.swing.plaf.metal,javax.swing.plaf.multi,javax.swing.plaf.synth,javax.swing.table,javax.swing.text,javax.swing.text.html,javax.swing.text.html.parser,javax.swing.text.rtf,javax.swing.tree,javax.swing.undo,javax.transaction,javax.transaction.xa,javax.xml,javax.xml.datatype,javax.xml.namespace,javax.xml.parsers,javax.xml.transform,javax.xml.transform.dom,javax.xml.transform.sax,javax.xml.transform.stream,javax.xml.validation,javax.xml.xpath,org.ietf.jgss,org.omg.CORBA,org.omg.CORBA_2_3,org.omg.CORBA_2_3.portable,org.omg.CORBA.DynAnyPackage,org.omg.CORBA.ORBPackage,org.omg.CORBA.portable,org.omg.CORBA.TypeCodePackage,org.omg.CosNaming,org.omg.CosNaming.NamingContextExtPackage,org.omg.CosNaming.NamingContextPackage,org.omg.Dynamic,org.omg.DynamicAny,org.omg.DynamicAny.DynAnyFactoryPackage,org.omg.DynamicAny.DynAnyPackage,org.omg.IOP,org.omg.IOP.CodecFactoryPackage,org.omg.IOP.CodecPackage,org.omg.Messaging,org.omg.PortableInterceptor,org.omg.PortableInterceptor.ORBInitInfoPackage,org.omg.PortableServer,org.omg.PortableServer.CurrentPackage,org.omg.PortableServer.POAManagerPackage,org.omg.PortableServer.POAPackage,org.omg.PortableServer.portable,org.omg.PortableServer.ServantLocatorPackage,org.omg.SendingContext,org.omg.stub.java.rmi,org.w3c.dom,org.w3c.dom.bootstrap,org.w3c.dom.css,org.w3c.dom.events,org.w3c.dom.html,org.w3c.dom.ls,org.w3c.dom.ranges,org.w3c.dom.stylesheets,org.w3c.dom.traversal,org.w3c.dom.views ,org.xml.sax,org.xml.sax.ext,org.xml.sax.helpers" />
    <property name="awt.nativeDoubleBuffering" value="true" />
    <property name="eclipse.launcher" value="/Applications/eclipse/Eclipse.app/Contents/MacOS/eclipse" />
    <property name="org.osgi.framework.language" value="de" />
    <property name="user.language" value="de" />
    <property name="org.osgi.framework.processor" value="x86" />
    <property name="osgi.syspath" value="/Applications/eclipse/plugins" />
    <property name="derby.system.home" value="/Applications/eclipse/configuration" />
    <property name="sun.boot.library.path" value="/System/Library/Frameworks/JavaVM.framework/Versions/1.5.0/Libraries" />
    <property name="osgi.manifest.cache" value="/Applications/eclipse/configuration/org.eclipse.osgi/manifests" />
    <property name="reports.dir" value="reports" />
    <property name="cs.rep.xml" value="reports/checkstyle/xml" />
    <property name="csconfig" value="/Users/mark/Projects/FH-SoftwareQuality/workspace/JUnit_in_Action/config/checkstyle/sun_checks.xml" />
    <property name="org.eclipse.php.debug.ui.activeDebugging" value="true" />
    <property name="ant.project.name" value="JUnit_in_Action_mark" />
    <property name="java.version" value="1.5.0_20" />
    <property name="org.osgi.framework.os.name" value="MacOSX" />
    <property name="cs.rep.html" value="reports/checkstyle/html" />
    <property name="user.timezone" value="" />
    <property name="sun.arch.data.model" value="32" />
    <property name="osgi.bundles" value="reference:file:org.eclipse.equinox.simpleconfigurator_1.0.101.R35x_v20090807-1100.jar@1:start" />
    <property name="java.endorsed.dirs" value="/System/Library/Frameworks/JavaVM.framework/Versions/1.5.0/Home/lib/endorsed" />
    <property name="osgi.tracefile" value="/Users/mark/Projects/FH-SoftwareQuality/workspace/.metadata/trace.log" />
    <property name="sun.cpu.isalist" value="" />
    <property name="sun.jnu.encoding" value="MacRoman" />
    <property name="eclipse.application" value="org.eclipse.ui.ide.workbench" />
    <property name="file.encoding.pkg" value="sun.io" />
    <property name="org.osgi.framework.vendor" value="Eclipse" />
    <property name="file.separator" value="/" />
    <property name="java.specification.name" value="Java Platform API Specification" />
    <property name="classes.dir" value="classes" />
    <property name="java.class.version" value="49.0" />
    <property name="user.country" value="DE" />
    <property name="org.eclipse.equinox.launcher.splash.location" value="/Applications/eclipse/plugins/org.eclipse.platform_3.3.201.v200909170800/splash.bmp" />
    <property name="java.home" value="/System/Library/Frameworks/JavaVM.framework/Versions/1.5.0/Home" />
    <property name="osgi.os" value="macosx" />
    <property name="eclipse.commands" value="-os
macosx
-ws
carbon
-arch
x86
-showsplash
-launcher
/Applications/eclipse/Eclipse.app/Contents/MacOS/eclipse
-name
Eclipse
--launcher.library
/Applications/eclipse/Eclipse.app/Contents/MacOS/../../../plugins/org.eclipse.equinox.launcher.carbon.macosx_1.0.200.v20090520-1835/eclipse_1206.so
-startup
/Applications/eclipse/Eclipse.app/Contents/MacOS/../../../plugins/org.eclipse.equinox.launcher_1.0.201.R35x_v20090715.jar
-keyring
/Users/mark/.eclipse_keyring
-showlocation
-vm
/System/Library/Frameworks/JavaVM.framework
" />
    <property name="java.vm.info" value="mixed mode, sharing" />
    <property name="cobdata" value="/Users/mark/Projects/FH-SoftwareQuality/workspace/JUnit_in_Action/cobertura.ser" />
    <property name="osgi.splashLocation" value="/Applications/eclipse/plugins/org.eclipse.platform_3.3.201.v200909170800/splash.bmp" />
    <property name="ant.file" value="/Users/mark/Projects/FH-SoftwareQuality/workspace/JUnit_in_Action/build.xml" />
    <property name="os.version" value="10.5.8" />
    <property name="osgi.arch" value="x86" />
    <property name="YOGA_URL" value="http://update1.yoxos.com/service/Yoga" />
    <property name="path.separator" value=":" />
    <property name="eclipse.home" value="/Applications/eclipse" />
    <property name="java.vm.version" value="1.5.0_20-141" />
    <property name="org.osgi.supports.framework.fragment" value="true" />
    <property name="ant.library.dir" value="/Applications/eclipse/plugins/org.apache.ant_1.7.1.v20090120-1145/lib" />
    <property name="osgi.framework.shape" value="jar" />
    <property name="java.awt.printerjob" value="apple.awt.CPrinterJob" />
    <property name="osgi.instance.area.default" value="file:/Users/mark/workspace/" />
    <property name="sun.io.unicode.encoding" value="UnicodeLittle" />
    <property name="org.osgi.framework.version" value="1.5.0" />
    <property name="awt.toolkit" value="apple.awt.CToolkit" />
    <property name="osgi.install.area" value="file:/Applications/eclipse/" />
    <property name="eclipse.pdebuild.scripts" value="/Applications/eclipse/plugins/org.eclipse.pde.build_3.5.1.R35x_20090820/scripts/" />
    <property name="reports.xml.dir" value="reports/xml" />
    <property name="osgi.framework" value="file:/Applications/eclipse/plugins/org.eclipse.osgi_3.5.1.R35x_v20090827.jar" />
    <property name="user.home" value="/Users/mark" />
    <property name="org.eclipse.equinox.simpleconfigurator.configUrl" value="file:org.eclipse.equinox.simpleconfigurator/bundles.info" />
    <property name="osgi.splashPath" value="platform:/base/plugins/org.eclipse.platform" />
    <property name="osgi.bundlestore" value="/Applications/eclipse/configuration/org.eclipse.osgi/bundles" />
    <property name="osgi.nl" value="de_DE" />
    <property name="java.specification.vendor" value="Sun Microsystems Inc." />
    <property name="config" value="/Users/mark/Projects/FH-SoftwareQuality/workspace/JUnit_in_Action/config" />
    <property name="test.dir" value="test" />
    <property name="java.vendor.url" value="http://www.apple.com/" />
    <property name="java.library.path" value=".:/Library/Java/Extensions:/System/Library/Java/Extensions:/usr/lib/java" />
    <property name="org.osgi.framework.os.version" value="10.5.8" />
    <property name="eclipse.startTime" value="1259521172338" />
    <property name="eclipse.p2.data.area" value="@config.dir/../p2/" />
    <property name="java.vm.vendor" value="Apple Inc." />
    <property name="gopherProxySet" value="false" />
    <property name="java.runtime.name" value="Java(TM) 2 Runtime Environment, Standard Edition" />
    <property name="cob.rep.html" value="cob-rep/html" />
    <property name="ant.version" value="Apache Ant version 1.7.1 compiled on June 27 2008" />
    <property name="cob.rep.xml" value="cob-rep/xml" />
    <property name="java.class.path" value="/Users/mark/Projects/FH-SoftwareQuality/workspace/JUnit_in_Action/cob-instr:/Users/mark/Projects/FH-SoftwareQuality/workspace/JUnit_in_Action/classes:/Users/mark/Projects/FH-SoftwareQuality/workspace/JUnit_in_Action/lib/ant-junit.jar:/Users/mark/Projects/FH-SoftwareQuality/workspace/JUnit_in_Action/lib/asm-2.2.1.jar:/Users/mark/Projects/FH-SoftwareQuality/workspace/JUnit_in_Action/lib/asm-tree-2.2.1.jar:/Users/mark/Projects/FH-SoftwareQuality/workspace/JUnit_in_Action/lib/cobertura.jar:/Users/mark/Projects/FH-SoftwareQuality/workspace/JUnit_in_Action/lib/jakarta-oro-2.0.8.jar:/Users/mark/Projects/FH-SoftwareQuality/workspace/JUnit_in_Action/lib/junit-4.5.jar:/Users/mark/Projects/FH-SoftwareQuality/workspace/JUnit_in_Action/lib/log4j-1.2.9.jar:/Applications/eclipse/plugins/org.apache.ant_1.7.1.v20090120-1145/lib/ant-launcher.jar:/Applications/eclipse/plugins/org.apache.ant_1.7.1.v20090120-1145/lib/ant.jar:/Applications/eclipse/plugins/org.apache.ant_1.7.1.v20090120-1145/lib/ant-junit.jar" />
    <property name="eclipse.vm" value="/System/Library/Frameworks/JavaVM.framework" />
    <property name="java.vm.specification.name" value="Java Virtual Machine Specification" />
    <property name="java.vm.specification.version" value="1.0" />
    <property name="sun.os.patch.level" value="unknown" />
    <property name="org.eclipse.swt.internal.carbon.smallFonts" value="" />
    <property name="sun.cpu.endian" value="little" />
    <property name="java.io.tmpdir" value="/var/folders/yy/yyYxPm-pGR8BtX2C+nkJjE+++TI/-Tmp-/" />
    <property name="eclipse.pdebuild.home" value="/Applications/eclipse/plugins/org.eclipse.pde.build_3.5.1.R35x_20090820/./" />
    <property name="java.vendor.url.bug" value="http://bugreport.apple.com/" />
    <property name="eclipse.product" value="org.eclipse.platform.ide" />
    <property name="eclipse.home.location" value="file:/Applications/eclipse/" />
    <property name="jna.platform.library.path" value="/usr/lib:/usr/lib" />
    <property name="java.awt.graphicsenv" value="apple.awt.CGraphicsEnvironment" />
    <property name="os.arch" value="i386" />
    <property name="java.ext.dirs" value="/Library/Java/Extensions:/System/Library/Java/Extensions:/System/Library/Frameworks/JavaVM.framework/Versions/1.5.0/Home/lib/ext" />
    <property name="cob.rep" value="cob-rep" />
    <property name="user.dir" value="/Applications/eclipse/Eclipse.app/Contents/MacOS" />
    <property name="mrj.version" value="1050.1.5.0_20-315" />
    <property name="org.osgi.supports.framework.requirebundle" value="true" />
    <property name="inst.dir" value="cob-instr" />
    <property name="line.separator" value="
" />
    <property name="java.vm.name" value="Java HotSpot(TM) Client VM" />
    <property name="org.apache.commons.logging.Log" value="org.apache.commons.logging.impl.NoOpLog" />
    <property name="basedir" value="/Users/mark/Projects/FH-SoftwareQuality/workspace/JUnit_in_Action" />
    <property name="ant.java.version" value="1.5" />
    <property name="ant.core.lib" value="/Applications/eclipse/plugins/org.apache.ant_1.7.1.v20090120-1145/lib/ant.jar" />
    <property name="file.encoding" value="MacRoman" />
    <property name="osgi.framework.version" value="3.5.1.R35x_v20090827" />
    <property name="eclipse.vmargs" value="-Xms40m
-Xmx384m
-Xdock:icon=../Resources/Eclipse.icns
-XstartOnFirstThread
-XX:MaxPermSize=384m
-Dorg.eclipse.swt.internal.carbon.smallFonts
-Djava.class.path=/Applications/eclipse/Eclipse.app/Contents/MacOS/../../../plugins/org.eclipse.equinox.launcher_1.0.201.R35x_v20090715.jar
" />
    <property name="java.specification.version" value="1.5" />
    <property name="src.dir" value="src" />
    <property name="org.osgi.framework.executionenvironment" value="OSGi/Minimum-1.0,OSGi/Minimum-1.1,OSGi/Minimum-1.2,JRE-1.1,J2SE-1.2,J2SE-1.3,J2SE-1.4,J2SE-1.5" />
    <property name="osgi.configuration.area" value="file:/Applications/eclipse/configuration/" />
    <property name="osgi.logfile" value="/Users/mark/Projects/FH-SoftwareQuality/workspace/.metadata/.log" />
  </properties>
  <testcase classname="it.rambow.fhb.junit.ParserToolsTest" name="testStandardEmail" time="0.012" />
  <testcase classname="it.rambow.fhb.junit.ParserToolsTest" name="testEmailIsNot_A_URL" time="0.0020" />
  <testcase classname="it.rambow.fhb.junit.ParserToolsTest" name="testEmailWorksWith4LetterDomain" time="0.0" />
  <testcase classname="it.rambow.fhb.junit.ParserToolsTest" name="testEmailWithNumbers" time="0.0" />
  <testcase classname="it.rambow.fhb.junit.ParserToolsTest" name="testEmailWithDomainNumbers" time="0.0" />
  <testcase classname="it.rambow.fhb.junit.ParserToolsTest" name="testEmailWithoutDomain" time="0.0010" />
  <testcase classname="it.rambow.fhb.junit.ParserToolsTest" name="testEmailTooShort" time="0.0" />
  <testcase classname="it.rambow.fhb.junit.ParserToolsTest" name="testEmailWith4LengthDomain" time="0.0010" />
  <testcase classname="it.rambow.fhb.junit.ParserToolsTest" name="testHyphenEmail" time="0.0010" />
  <system-out><![CDATA[]]></system-out>
  <system-err><![CDATA[]]></system-err>
</testsuite>
